Reading netlist file: "C:\Users\Sriram Krishna\Documents\GOWIN\Conway's Game of Life\impl\gwsynthesis\Conway's Game of Life.vg"
Parsing netlist file "C:\Users\Sriram Krishna\Documents\GOWIN\Conway's Game of Life\impl\gwsynthesis\Conway's Game of Life.vg" completed
Processing netlist completed
Reading constraint file: "C:\Users\Sriram Krishna\Documents\GOWIN\Conway's Game of Life\src\Conway's Game of Life.cst"
Physical Constraint parsed completed
Running placement......
[10%] Placement Phase 0 completed
[20%] Placement Phase 1 completed
[30%] Placement Phase 2 completed
WARN  (TA1132) :  'Clock' was determined to be a clock but was not created.
WARN  (TA1132) :  'Instance_Matrix/Clock' was determined to be a clock but was not created.
[50%] Placement Phase 3 completed
Running routing......
[60%] Routing Phase 0 completed
[70%] Routing Phase 1 completed
[80%] Routing Phase 2 completed
[90%] Routing Phase 3 completed
Running timing analysis......
[95%] Timing analysis completed
Placement and routing completed
Bitstream generation in progress......
Bitstream generation completed
Running power analysis......
[100%] Power analysis completed
Generate file "C:\Users\Sriram Krishna\Documents\GOWIN\Conway's Game of Life\impl\pnr\Conway's Game of Life.power.html" completed
Generate file "C:\Users\Sriram Krishna\Documents\GOWIN\Conway's Game of Life\impl\pnr\Conway's Game of Life.pin.html" completed
Generate file "C:\Users\Sriram Krishna\Documents\GOWIN\Conway's Game of Life\impl\pnr\Conway's Game of Life.rpt.html" completed
Generate file "C:\Users\Sriram Krishna\Documents\GOWIN\Conway's Game of Life\impl\pnr\Conway's Game of Life.rpt.txt" completed
Generate file "C:\Users\Sriram Krishna\Documents\GOWIN\Conway's Game of Life\impl\pnr\Conway's Game of Life.tr.html" completed
Fri Apr  3 15:55:18 2026

