GowinSynthesis start
Running parser ...
Analyzing Verilog file 'C:\Users\Sriram Krishna\Documents\GOWIN\Conway's Game of Life\src\Main.v'
Undeclared symbol 'Clock', assumed default net type 'wire'("C:\Users\Sriram Krishna\Documents\GOWIN\Conway's Game of Life\src\Main.v":40)
Analyzing Verilog file 'C:\Users\Sriram Krishna\Documents\GOWIN\Conway's Game of Life\src\Clock Divider.v'
Analyzing Verilog file 'C:\Users\Sriram Krishna\Documents\GOWIN\Conway's Game of Life\src\Matrix.v'
Compiling module 'Conway'("C:\Users\Sriram Krishna\Documents\GOWIN\Conway's Game of Life\src\Main.v":1)
WARN  (EX3780) : Using initial value of 'Data_Initial' since it is never assigned("C:\Users\Sriram Krishna\Documents\GOWIN\Conway's Game of Life\src\Main.v":38)
Compiling module 'Clock_Divider'("C:\Users\Sriram Krishna\Documents\GOWIN\Conway's Game of Life\src\Clock Divider.v":1)
WARN  (EX3791) : Expression size 26 truncated to fit in target size 25("C:\Users\Sriram Krishna\Documents\GOWIN\Conway's Game of Life\src\Clock Divider.v":21)
Compiling module 'Matrix'("C:\Users\Sriram Krishna\Documents\GOWIN\Conway's Game of Life\src\Matrix.v":1)
WARN  (EX3791) : Expression size 32 truncated to fit in target size 3("C:\Users\Sriram Krishna\Documents\GOWIN\Conway's Game of Life\src\Matrix.v":28)
NOTE  (EX0101) : Current top module is "Conway"
[5%] Running netlist conversion ...
Running device independent optimization ...
[10%] Optimizing Phase 0 completed
[15%] Optimizing Phase 1 completed
[25%] Optimizing Phase 2 completed
Running inference ...
[30%] Inferring Phase 0 completed
[40%] Inferring Phase 1 completed
[50%] Inferring Phase 2 completed
[55%] Inferring Phase 3 completed
Running technical mapping ...
[60%] Tech-Mapping Phase 0 completed
[65%] Tech-Mapping Phase 1 completed
[75%] Tech-Mapping Phase 2 completed
WARN  (AG0100) : Find logical loop signal : "Cols[7]"("C:\Users\Sriram Krishna\Documents\GOWIN\Conway's Game of Life\src\Matrix.v":30)
WARN  (AG0100) : Find logical loop signal : "Cols[7]"("C:\Users\Sriram Krishna\Documents\GOWIN\Conway's Game of Life\src\Matrix.v":30)
WARN  (AG0100) : Find logical loop signal : "Cols[7]"("C:\Users\Sriram Krishna\Documents\GOWIN\Conway's Game of Life\src\Matrix.v":30)
WARN  (AG0101) : The netlist is not one directed acyclic graph
WARN  (AG0100) : Find logical loop signal : "Cols[6]"("C:\Users\Sriram Krishna\Documents\GOWIN\Conway's Game of Life\src\Matrix.v":30)
WARN  (AG0100) : Find logical loop signal : "Cols[6]"("C:\Users\Sriram Krishna\Documents\GOWIN\Conway's Game of Life\src\Matrix.v":30)
WARN  (AG0100) : Find logical loop signal : "Cols[6]"("C:\Users\Sriram Krishna\Documents\GOWIN\Conway's Game of Life\src\Matrix.v":30)
WARN  (AG0101) : The netlist is not one directed acyclic graph
WARN  (AG0100) : Find logical loop signal : "Cols[5]"("C:\Users\Sriram Krishna\Documents\GOWIN\Conway's Game of Life\src\Matrix.v":30)
WARN  (AG0100) : Find logical loop signal : "Cols[5]"("C:\Users\Sriram Krishna\Documents\GOWIN\Conway's Game of Life\src\Matrix.v":30)
WARN  (AG0100) : Find logical loop signal : "Cols[5]"("C:\Users\Sriram Krishna\Documents\GOWIN\Conway's Game of Life\src\Matrix.v":30)
WARN  (AG0101) : The netlist is not one directed acyclic graph
WARN  (AG0100) : Find logical loop signal : "Cols[4]"("C:\Users\Sriram Krishna\Documents\GOWIN\Conway's Game of Life\src\Matrix.v":30)
WARN  (AG0100) : Find logical loop signal : "Cols[4]"("C:\Users\Sriram Krishna\Documents\GOWIN\Conway's Game of Life\src\Matrix.v":30)
WARN  (AG0100) : Find logical loop signal : "Cols[4]"("C:\Users\Sriram Krishna\Documents\GOWIN\Conway's Game of Life\src\Matrix.v":30)
WARN  (AG0101) : The netlist is not one directed acyclic graph
WARN  (AG0100) : Find logical loop signal : "Cols[3]"("C:\Users\Sriram Krishna\Documents\GOWIN\Conway's Game of Life\src\Matrix.v":30)
WARN  (AG0100) : Find logical loop signal : "Cols[3]"("C:\Users\Sriram Krishna\Documents\GOWIN\Conway's Game of Life\src\Matrix.v":30)
WARN  (AG0100) : Find logical loop signal : "Cols[3]"("C:\Users\Sriram Krishna\Documents\GOWIN\Conway's Game of Life\src\Matrix.v":30)
WARN  (AG0101) : The netlist is not one directed acyclic graph
WARN  (AG0100) : Find logical loop signal : "Cols[2]"("C:\Users\Sriram Krishna\Documents\GOWIN\Conway's Game of Life\src\Matrix.v":30)
WARN  (AG0100) : Find logical loop signal : "Cols[2]"("C:\Users\Sriram Krishna\Documents\GOWIN\Conway's Game of Life\src\Matrix.v":30)
WARN  (AG0100) : Find logical loop signal : "Cols[2]"("C:\Users\Sriram Krishna\Documents\GOWIN\Conway's Game of Life\src\Matrix.v":30)
WARN  (AG0101) : The netlist is not one directed acyclic graph
WARN  (AG0100) : Find logical loop signal : "Cols[1]"("C:\Users\Sriram Krishna\Documents\GOWIN\Conway's Game of Life\src\Matrix.v":30)
WARN  (AG0100) : Find logical loop signal : "Cols[1]"("C:\Users\Sriram Krishna\Documents\GOWIN\Conway's Game of Life\src\Matrix.v":30)
WARN  (AG0100) : Find logical loop signal : "Cols[1]"("C:\Users\Sriram Krishna\Documents\GOWIN\Conway's Game of Life\src\Matrix.v":30)
WARN  (AG0101) : The netlist is not one directed acyclic graph
WARN  (AG0100) : Find logical loop signal : "Cols[0]"("C:\Users\Sriram Krishna\Documents\GOWIN\Conway's Game of Life\src\Matrix.v":30)
WARN  (AG0100) : Find logical loop signal : "Cols[0]"("C:\Users\Sriram Krishna\Documents\GOWIN\Conway's Game of Life\src\Matrix.v":30)
WARN  (AG0100) : Find logical loop signal : "Cols[0]"("C:\Users\Sriram Krishna\Documents\GOWIN\Conway's Game of Life\src\Matrix.v":30)
WARN  (AG0101) : The netlist is not one directed acyclic graph
[80%] Tech-Mapping Phase 3 completed
[90%] Tech-Mapping Phase 4 completed
[95%] Generate netlist file "C:\Users\Sriram Krishna\Documents\GOWIN\Conway's Game of Life\impl\gwsynthesis\Conway's Game of Life.vg" completed
[100%] Generate report file "C:\Users\Sriram Krishna\Documents\GOWIN\Conway's Game of Life\impl\gwsynthesis\Conway's Game of Life_syn.rpt.html" completed
GowinSynthesis finish
